<?xml version="1.0" encoding="UTF-8"?>
<!-- Generated by org.testng.reporters.JUnitReportReporter -->
<testsuite hostname="DESKTOP-FV0KD14" failures="0" tests="2" name="testCases.TestCases" time="36.876" errors="0" timestamp="2024-03-03T07:53:21 IST" skipped="0">
  <testcase classname="testCases.TestCases" name="loginTest" time="15.683"/>
  <system-out/>
  <testcase classname="testCases.TestCases" name="loginTest2" time="21.193"/>
  <system-out/>
</testsuite> <!-- testCases.TestCases -->
