<?xml version="1.0" encoding="UTF-8"?>
<!-- Generated by org.testng.reporters.JUnitReportReporter -->
<testsuite hostname="DESKTOP-FV0KD14" failures="0" tests="3" name="testCases.TestCases" time="43.760" errors="0" timestamp="2024-03-03T08:08:14 IST" skipped="0">
  <testcase classname="testCases.TestCases" name="loginTest2" time="13.021"/>
  <system-out/>
  <testcase classname="testCases.TestCases" name="loginTest3" time="13.857"/>
  <system-out/>
  <testcase classname="testCases.TestCases" name="loginTest" time="16.882"/>
  <system-out/>
</testsuite> <!-- testCases.TestCases -->
