<?xml version="1.0" encoding="UTF-8"?>
<!-- Generated by org.testng.reporters.JUnitReportReporter -->
<testsuite hostname="DESKTOP-FV0KD14" failures="0" tests="1" name="testCases.TestCases" time="12.401" errors="0" timestamp="2024-03-15T15:18:23 IST" skipped="0">
  <testcase classname="testCases.TestCases" name="loginTest2" time="12.401"/>
  <system-out/>
</testsuite> <!-- testCases.TestCases -->
