<?xml version="1.0" encoding="UTF-8"?>
<!-- Generated by org.testng.reporters.JUnitReportReporter -->
<testsuite hostname="DESKTOP-FV0KD14" failures="0" tests="1" name="testCases.TestCases" time="26.209" errors="0" timestamp="2024-03-03T07:36:01 IST" skipped="0">
  <testcase classname="testCases.TestCases" name="loginTest" time="26.209"/>
  <system-out/>
</testsuite> <!-- testCases.TestCases -->
