<?xml version="1.0" encoding="UTF-8"?>
<!-- Generated by org.testng.reporters.JUnitReportReporter -->
<testsuite hostname="DESKTOP-FV0KD14" failures="0" tests="3" name="testCases.TestCases" time="36.022" errors="0" timestamp="2024-03-18T20:51:23 IST" skipped="0">
  <testcase classname="testCases.TestCases" name="loginTest" time="14.585"/>
  <system-out/>
  <testcase classname="testCases.TestCases" name="loginTest2" time="11.061"/>
  <system-out/>
  <testcase classname="testCases.TestCases" name="loginTest3" time="10.376"/>
  <system-out/>
</testsuite> <!-- testCases.TestCases -->
