<?xml version="1.0" encoding="UTF-8"?>
<!-- Generated by org.testng.reporters.JUnitReportReporter -->
<testsuite hostname="DESKTOP-FV0KD14" failures="0" tests="1" name="testCases.TestCases" time="13.183" errors="0" timestamp="2024-03-02T16:40:12 IST" skipped="0">
  <testcase classname="testCases.TestCases" name="loginTest" time="13.183"/>
  <system-out/>
</testsuite> <!-- testCases.TestCases -->
